<?xml version="1.0" encoding="UTF-8"?>
<!-- Generated by org.testng.reporters.JUnitReportReporter -->
<testsuite hostname="PPTLAP102" failures="0" tests="1" name="com.dvm.qa.selenium.tests.LoginTest" time="11.772" errors="0" timestamp="2024-04-02T11:08:30 IST" skipped="0">
  <testcase classname="com.dvm.qa.selenium.tests.LoginTest" name="verify_login" time="11.772"/>
</testsuite> <!-- com.dvm.qa.selenium.tests.LoginTest -->
