<?xml version="1.0" encoding="UTF-8"?>
<!-- Generated by org.testng.reporters.JUnitReportReporter -->
<testsuite hostname="PPTLAP102" failures="0" tests="1" name="com.dvm.qa.selenium.tests.LoginTest" time="3.715" errors="0" timestamp="2024-03-29T15:29:06 IST" skipped="0">
  <testcase classname="com.dvm.qa.selenium.tests.LoginTest" name="verify_login" time="3.715"/>
</testsuite> <!-- com.dvm.qa.selenium.tests.LoginTest -->
